#
# A fatal error has been detected by the Java Runtime Environment:
#
#  EXCEPTION_ACCESS_VIOLATION (0xc0000005) at pc=0x0000000180011066, pid=3692, tid=0x00000000000011c4
#
# JRE version: OpenJDK Runtime Environment (8.0_212-b04) (build 1.8.0_212-b04)
# Java VM: OpenJDK 64-Bit Server VM (25.212-b04 mixed mode windows-amd64 compressed oops)
# Problematic frame:
# C  [OpenAL64.dll+0x11066]
#
# Failed to write core dump. Minidumps are not enabled by default on client versions of Windows
#
# If you would like to submit a bug report, please visit:
#   
# The crash happened outside the Java Virtual Machine in native code.
# See problematic frame for where to report the bug.
#

---------------  T H R E A D  ---------------

Current thread (0x00000266b2d98000):  JavaThread "jME3 Main" [_thread_in_native, id=4548, stack(0x000000df1f700000,0x000000df1f800000)]

siginfo: ExceptionCode=0xc0000005, reading address 0x00000266b5d37004

Registers:
RAX=0x0000000000000004, RBX=0x00000266b4d90090, RCX=0x00000266b5d37008, RDX=0x00000266b5d37004
RSP=0x000000df1f7fe8b0, RBP=0x00000000000000ff, RSI=0x00000266b5d36fbc, RDI=0x0000000000000000
R8 =0x0000000000000012, R9 =0x00000266b5d36fbc, R10=0x0000026697559c42, R11=0x000000006d8e11b0
R12=0x0000000000000001, R13=0x00000266be23c218, R14=0x000000df1f7fea50, R15=0x00000266b2d98000
RIP=0x0000000180011066, EFLAGS=0x0000000000010202

Top of Stack: (sp=0x000000df1f7fe8b0)
0x000000df1f7fe8b0:   0000000000000000 0000000000000000
0x000000df1f7fe8c0:   0000000000000000 00000266b2d98000
0x000000df1f7fe8d0:   000000df1f7fea50 00000266be23c218
0x000000df1f7fe8e0:   00000266b2d98000 00000266b2da1140
0x000000df1f7fe8f0:   00000266be23c218 0000000000000000
0x000000df1f7fe900:   00000266b2d9aa30 000000006d786365
0x000000df1f7fe910:   000000df1f7ff220 00000266b10f48c0
0x000000df1f7fe920:   00000266b2d98000 000000df1f7fea50
0x000000df1f7fe930:   00000266be23c218 0000000000000000
0x000000df1f7fe940:   00000266b5d36fbc 00000006c5403ee0
0x000000df1f7fe950:   000000df1f7fea18 000000018001248f
0x000000df1f7fe960:   00000266b4d90090 00000266b4d90090
0x000000df1f7fe970:   000000060000ac44 0000026600000004
0x000000df1f7fe980:   0000000000000010 0000026697559c6e
0x000000df1f7fe990:   00000266be23c218 000000df1f7fe998
0x000000df1f7fe9a0:   0000000000000010 000002669755997b 

Instructions: (pc=0x0000000180011066)
0x0000000180011046:   41 2b ec 81 3a 03 00 02 00 75 09 8b 01 89 84 24
0x0000000180011056:   c8 00 00 00 49 83 c0 02 48 83 c1 08 4a 8d 14 86
0x0000000180011066:   39 3a 75 af 4c 8d 84 24 c0 00 00 00 48 8d 15 d7
0x0000000180011076:   2b 03 00 33 c9 e8 58 5f 00 00 b8 40 1f 00 00 4c 


Register to memory mapping:

RAX=0x0000000000000004 is an unknown value
RBX=0x00000266b4d90090 is an unknown value
RCX=0x00000266b5d37008 is an unknown value
RDX=0x00000266b5d37004 is an unknown value
RSP=0x000000df1f7fe8b0 is pointing into the stack for thread: 0x00000266b2d98000
RBP=0x00000000000000ff is an unknown value
RSI=0x00000266b5d36fbc is an unknown value
RDI=0x0000000000000000 is an unknown value
R8 =0x0000000000000012 is an unknown value
R9 =0x00000266b5d36fbc is an unknown value
R10=0x0000026697559c42 is at code_begin+962 in an Interpreter codelet
method entry point (kind = native)  [0x0000026697559880, 0x000002669755a320]  2720 bytes
R11=0x000000006d8e11b0 is an unknown value
R12=0x0000000000000001 is an unknown value
R13={method} {0x00000266be23c220} 'nalcCreateContext' '(JJ)J' in 'org/lwjgl/openal/ALC10'
R14=0x000000df1f7fea50 is pointing into the stack for thread: 0x00000266b2d98000
R15=0x00000266b2d98000 is a thread


Stack: [0x000000df1f700000,0x000000df1f800000],  sp=0x000000df1f7fe8b0,  free space=1018k
Native frames: (J=compiled Java code, j=interpreted, Vv=VM code, C=native code)
C  [OpenAL64.dll+0x11066]
C  [OpenAL64.dll+0x1248f]
C  0x0000026697559c6e

Java frames: (J=compiled Java code, j=interpreted, Vv=VM code)
j  org.lwjgl.openal.ALC10.nalcCreateContext(JJ)J+0
j  org.lwjgl.openal.ALC10.alcCreateContext(Lorg/lwjgl/openal/ALCdevice;Ljava/nio/IntBuffer;)Lorg/lwjgl/openal/ALCcontext;+8
j  org.lwjgl.openal.AL.init(Ljava/lang/String;IIZZ)V+69
j  org.lwjgl.openal.AL.create(Ljava/lang/String;IIZZ)V+246
j  org.lwjgl.openal.AL.create(Ljava/lang/String;IIZ)V+5
j  org.lwjgl.openal.AL.create()V+6
j  com.jme3.audio.lwjgl.LwjglALC.createALC()V+0
j  com.jme3.audio.openal.ALAudioRenderer.initOpenAL()V+16
j  com.jme3.audio.openal.ALAudioRenderer.initialize()V+21
j  com.jme3.app.LegacyApplication.initAudio()V+40
j  com.jme3.app.LegacyApplication.initialize()V+31
j  com.jme3.app.SimpleApplication.initialize()V+1
j  com.jme3.system.lwjgl.LwjglAbstractDisplay.initInThread()Z+90
j  com.jme3.system.lwjgl.LwjglAbstractDisplay.run()V+36
j  java.lang.Thread.run()V+11
v  ~StubRoutines::call_stub

---------------  P R O C E S S  ---------------

Java Threads: ( => current thread )
  0x0000026695ace800 JavaThread "DestroyJavaVM" [_thread_blocked, id=4616, stack(0x000000df1dd00000,0x000000df1de00000)]
=>0x00000266b2d98000 JavaThread "jME3 Main" [_thread_in_native, id=4548, stack(0x000000df1f700000,0x000000df1f800000)]
  0x00000266b2d01800 JavaThread "TimerQueue" daemon [_thread_blocked, id=2164, stack(0x000000df1f600000,0x000000df1f700000)]
  0x00000266b2b1c000 JavaThread "Image Fetcher 0" daemon [_thread_blocked, id=5300, stack(0x000000df1f500000,0x000000df1f600000)]
  0x00000266b2a44000 JavaThread "AWT-EventQueue-0" [_thread_blocked, id=9248, stack(0x000000df1f400000,0x000000df1f500000)]
  0x00000266b2a32800 JavaThread "AWT-Windows" daemon [_thread_in_native, id=4580, stack(0x000000df1f300000,0x000000df1f400000)]
  0x00000266b2a2f800 JavaThread "AWT-Shutdown" [_thread_blocked, id=10800, stack(0x000000df1f200000,0x000000df1f300000)]
  0x00000266b2a2e800 JavaThread "Java2D Disposer" daemon [_thread_blocked, id=7724, stack(0x000000df1f100000,0x000000df1f200000)]
  0x00000266b2461800 JavaThread "Service Thread" daemon [_thread_blocked, id=3140, stack(0x000000df1ef00000,0x000000df1f000000)]
  0x00000266b10b2800 JavaThread "C1 CompilerThread3" daemon [_thread_blocked, id=9080, stack(0x000000df1ee00000,0x000000df1ef00000)]
  0x00000266b10ac800 JavaThread "C2 CompilerThread2" daemon [_thread_blocked, id=8624, stack(0x000000df1ed00000,0x000000df1ee00000)]
  0x00000266b1099000 JavaThread "C2 CompilerThread1" daemon [_thread_blocked, id=6288, stack(0x000000df1ec00000,0x000000df1ed00000)]
  0x00000266b1097800 JavaThread "C2 CompilerThread0" daemon [_thread_blocked, id=10316, stack(0x000000df1eb00000,0x000000df1ec00000)]
  0x00000266b1096800 JavaThread "Attach Listener" daemon [_thread_blocked, id=6424, stack(0x000000df1ea00000,0x000000df1eb00000)]
  0x00000266b1095800 JavaThread "Signal Dispatcher" daemon [_thread_blocked, id=2384, stack(0x000000df1e900000,0x000000df1ea00000)]
  0x00000266b106a000 JavaThread "Finalizer" daemon [_thread_blocked, id=6084, stack(0x000000df1e800000,0x000000df1e900000)]
  0x00000266b105a800 JavaThread "Reference Handler" daemon [_thread_blocked, id=812, stack(0x000000df1e700000,0x000000df1e800000)]

Other Threads:
  0x00000266b1031800 VMThread [stack: 0x000000df1e600000,0x000000df1e700000] [id=6708]
  0x00000266b10c7800 WatcherThread [stack: 0x000000df1f000000,0x000000df1f100000] [id=5292]

VM state:not at safepoint (normal execution)

VM Mutex/Monitor currently owned by a thread: None

heap address: 0x00000006c5400000, size: 4012 MB, Compressed Oops mode: Zero based, Oop shift amount: 3
Narrow klass base: 0x0000000000000000, Narrow klass shift: 3
Compressed class space size: 1073741824 Address: 0x00000007c0000000

Heap:
 PSYoungGen      total 75264K, used 15395K [0x000000076c700000, 0x0000000771b00000, 0x00000007c0000000)
  eden space 64512K, 23% used [0x000000076c700000,0x000000076d608fe8,0x0000000770600000)
  from space 10752K, 0% used [0x0000000771080000,0x0000000771080000,0x0000000771b00000)
  to   space 10752K, 0% used [0x0000000770600000,0x0000000770600000,0x0000000771080000)
 ParOldGen       total 172032K, used 4693K [0x00000006c5400000, 0x00000006cfc00000, 0x000000076c700000)
  object space 172032K, 2% used [0x00000006c5400000,0x00000006c5895630,0x00000006cfc00000)
 Metaspace       used 16460K, capacity 16653K, committed 16896K, reserved 1064960K
  class space    used 1895K, capacity 1974K, committed 2048K, reserved 1048576K

Card table byte_map: [0x00000266a6900000,0x00000266a70e0000] byte_map_base: 0x00000266a32d6000

Marking Bits: (ParMarkBitMap*) 0x000000006de71f50
 Begin Bits: [0x00000266a7620000, 0x00000266ab4d0000)
 End Bits:   [0x00000266ab4d0000, 0x00000266af380000)

Polling page: 0x0000026695c30000

CodeCache: size=245760Kb used=3906Kb max_used=3909Kb free=241853Kb
 bounds [0x0000026697540000, 0x0000026697920000, 0x00000266a6540000]
 total_blobs=1810 nmethods=1208 adapters=515
 compilation: enabled

Compilation events (10 events):
Event: 4.249 Thread 0x00000266b1097800 nmethod 1201 0x000002669790fcd0 code [0x000002669790fe20, 0x0000026697910198]
Event: 4.253 Thread 0x00000266b10b2800 1204       3       java.util.zip.ZipFile::access$1100 (5 bytes)
Event: 4.254 Thread 0x00000266b10b2800 nmethod 1204 0x000002669790f1d0 code [0x000002669790f340, 0x000002669790f4b0]
Event: 4.254 Thread 0x00000266b10b2800 1205       3       java.util.zip.ZipFile::access$1200 (5 bytes)
Event: 4.254 Thread 0x00000266b10b2800 nmethod 1205 0x00000266979115d0 code [0x0000026697911740, 0x00000266979118b0]
Event: 4.262 Thread 0x00000266b10b2800 1206       3       java.util.ArrayDeque::poll (5 bytes)
Event: 4.263 Thread 0x00000266b10b2800 nmethod 1206 0x0000026697911210 code [0x0000026697911380, 0x0000026697911530]
Event: 4.263 Thread 0x00000266b10b2800 1208       3       java.util.zip.ZipFile$ZipFileInputStream::<init> (41 bytes)
Event: 4.263 Thread 0x00000266b10b2800 nmethod 1208 0x0000026697910ad0 code [0x0000026697910c60, 0x0000026697911000]
Event: 4.263 Thread 0x00000266b10b2800 1207       3       java.util.ArrayDeque::pollFirst (42 bytes)

GC Heap History (8 events):
Event: 3.680 GC heap before
{Heap before GC invocations=1 (full 0):
 PSYoungGen      total 75264K, used 16749K [0x000000076c700000, 0x0000000771b00000, 0x00000007c0000000)
  eden space 64512K, 25% used [0x000000076c700000,0x000000076d75b5a8,0x0000000770600000)
  from space 10752K, 0% used [0x0000000771080000,0x0000000771080000,0x0000000771b00000)
  to   space 10752K, 0% used [0x0000000770600000,0x0000000770600000,0x0000000771080000)
 ParOldGen       total 172032K, used 0K [0x00000006c5400000, 0x00000006cfc00000, 0x000000076c700000)
  object space 172032K, 0% used [0x00000006c5400000,0x00000006c5400000,0x00000006cfc00000)
 Metaspace       used 12870K, capacity 13066K, committed 13312K, reserved 1060864K
  class space    used 1621K, capacity 1686K, committed 1792K, reserved 1048576K
Event: 3.685 GC heap after
Heap after GC invocations=1 (full 0):
 PSYoungGen      total 75264K, used 5882K [0x000000076c700000, 0x0000000771b00000, 0x00000007c0000000)
  eden space 64512K, 0% used [0x000000076c700000,0x000000076c700000,0x0000000770600000)
  from space 10752K, 54% used [0x0000000770600000,0x0000000770bbea28,0x0000000771080000)
  to   space 10752K, 0% used [0x0000000771080000,0x0000000771080000,0x0000000771b00000)
 ParOldGen       total 172032K, used 16K [0x00000006c5400000, 0x00000006cfc00000, 0x000000076c700000)
  object space 172032K, 0% used [0x00000006c5400000,0x00000006c5404000,0x00000006cfc00000)
 Metaspace       used 12870K, capacity 13066K, committed 13312K, reserved 1060864K
  class space    used 1621K, capacity 1686K, committed 1792K, reserved 1048576K
}
Event: 3.685 GC heap before
{Heap before GC invocations=2 (full 1):
 PSYoungGen      total 75264K, used 5882K [0x000000076c700000, 0x0000000771b00000, 0x00000007c0000000)
  eden space 64512K, 0% used [0x000000076c700000,0x000000076c700000,0x0000000770600000)
  from space 10752K, 54% used [0x0000000770600000,0x0000000770bbea28,0x0000000771080000)
  to   space 10752K, 0% used [0x0000000771080000,0x0000000771080000,0x0000000771b00000)
 ParOldGen       total 172032K, used 16K [0x00000006c5400000, 0x00000006cfc00000, 0x000000076c700000)
  object space 172032K, 0% used [0x00000006c5400000,0x00000006c5404000,0x00000006cfc00000)
 Metaspace       used 12870K, capacity 13066K, committed 13312K, reserved 1060864K
  class space    used 1621K, capacity 1686K, committed 1792K, reserved 1048576K
Event: 3.698 GC heap after
Heap after GC invocations=2 (full 1):
 PSYoungGen      total 75264K, used 0K [0x000000076c700000, 0x0000000771b00000, 0x00000007c0000000)
  eden space 64512K, 0% used [0x000000076c700000,0x000000076c700000,0x0000000770600000)
  from space 10752K, 0% used [0x0000000770600000,0x0000000770600000,0x0000000771080000)
  to   space 10752K, 0% used [0x0000000771080000,0x0000000771080000,0x0000000771b00000)
 ParOldGen       total 172032K, used 4693K [0x00000006c5400000, 0x00000006cfc00000, 0x000000076c700000)
  object space 172032K, 2% used [0x00000006c5400000,0x00000006c5895630,0x00000006cfc00000)
 Metaspace       used 12870K, capacity 13066K, committed 13312K, reserved 1060864K
  class space    used 1621K, capacity 1686K, committed 1792K, reserved 1048576K
}
Event: 3.699 GC heap before
{Heap before GC invocations=3 (full 1):
 PSYoungGen      total 75264K, used 0K [0x000000076c700000, 0x0000000771b00000, 0x00000007c0000000)
  eden space 64512K, 0% used [0x000000076c700000,0x000000076c700000,0x0000000770600000)
  from space 10752K, 0% used [0x0000000770600000,0x0000000770600000,0x0000000771080000)
  to   space 10752K, 0% used [0x0000000771080000,0x0000000771080000,0x0000000771b00000)
 ParOldGen       total 172032K, used 4693K [0x00000006c5400000, 0x00000006cfc00000, 0x000000076c700000)
  object space 172032K, 2% used [0x00000006c5400000,0x00000006c5895630,0x00000006cfc00000)
 Metaspace       used 12870K, capacity 13066K, committed 13312K, reserved 1060864K
  class space    used 1621K, capacity 1686K, committed 1792K, reserved 1048576K
Event: 3.699 GC heap after
Heap after GC invocations=3 (full 1):
 PSYoungGen      total 75264K, used 0K [0x000000076c700000, 0x0000000771b00000, 0x00000007c0000000)
  eden space 64512K, 0% used [0x000000076c700000,0x000000076c700000,0x0000000770600000)
  from space 10752K, 0% used [0x0000000771080000,0x0000000771080000,0x0000000771b00000)
  to   space 10752K, 0% used [0x0000000770600000,0x0000000770600000,0x0000000771080000)
 ParOldGen       total 172032K, used 4693K [0x00000006c5400000, 0x00000006cfc00000, 0x000000076c700000)
  object space 172032K, 2% used [0x00000006c5400000,0x00000006c5895630,0x00000006cfc00000)
 Metaspace       used 12870K, capacity 13066K, committed 13312K, reserved 1060864K
  class space    used 1621K, capacity 1686K, committed 1792K, reserved 1048576K
}
Event: 3.699 GC heap before
{Heap before GC invocations=4 (full 2):
 PSYoungGen      total 75264K, used 0K [0x000000076c700000, 0x0000000771b00000, 0x00000007c0000000)
  eden space 64512K, 0% used [0x000000076c700000,0x000000076c700000,0x0000000770600000)
  from space 10752K, 0% used [0x0000000771080000,0x0000000771080000,0x0000000771b00000)
  to   space 10752K, 0% used [0x0000000770600000,0x0000000770600000,0x0000000771080000)
 ParOldGen       total 172032K, used 4693K [0x00000006c5400000, 0x00000006cfc00000, 0x000000076c700000)
  object space 172032K, 2% used [0x00000006c5400000,0x00000006c5895630,0x00000006cfc00000)
 Metaspace       used 12870K, capacity 13066K, committed 13312K, reserved 1060864K
  class space    used 1621K, capacity 1686K, committed 1792K, reserved 1048576K
Event: 3.705 GC heap after
Heap after GC invocations=4 (full 2):
 PSYoungGen      total 75264K, used 0K [0x000000076c700000, 0x0000000771b00000, 0x00000007c0000000)
  eden space 64512K, 0% used [0x000000076c700000,0x000000076c700000,0x0000000770600000)
  from space 10752K, 0% used [0x0000000771080000,0x0000000771080000,0x0000000771b00000)
  to   space 10752K, 0% used [0x0000000770600000,0x0000000770600000,0x0000000771080000)
 ParOldGen       total 172032K, used 4693K [0x00000006c5400000, 0x00000006cfc00000, 0x000000076c700000)
  object space 172032K, 2% used [0x00000006c5400000,0x00000006c5895630,0x00000006cfc00000)
 Metaspace       used 12870K, capacity 13066K, committed 13312K, reserved 1060864K
  class space    used 1621K, capacity 1686K, committed 1792K, reserved 1048576K
}

Deoptimization events (5 events):
Event: 0.378 Thread 0x00000266b2a44000 Uncommon trap: reason=class_check action=maybe_recompile pc=0x00000266976d0c10 method=java.lang.String.equals(Ljava/lang/Object;)Z @ 8
Event: 0.378 Thread 0x00000266b2a44000 Uncommon trap: reason=class_check action=maybe_recompile pc=0x00000266976d0c10 method=java.lang.String.equals(Ljava/lang/Object;)Z @ 8
Event: 0.378 Thread 0x00000266b2a44000 Uncommon trap: reason=class_check action=maybe_recompile pc=0x00000266976d0c10 method=java.lang.String.equals(Ljava/lang/Object;)Z @ 8
Event: 0.379 Thread 0x00000266b2a44000 Uncommon trap: reason=class_check action=maybe_recompile pc=0x00000266976d0c10 method=java.lang.String.equals(Ljava/lang/Object;)Z @ 8
Event: 2.276 Thread 0x00000266b2a44000 Uncommon trap: reason=unstable_if action=reinterpret pc=0x0000026697816918 method=java.awt.Component.inside(II)Z @ 9

Classes redefined (0 events):
No events

Internal exceptions (10 events):
Event: 0.130 Thread 0x0000026695ace800 Exception <a 'java/lang/NoSuchFieldError': method resolution failed> (0x000000076cb75750) thrown at [C:\cygwin64\tmp\openjdk-jdk8u-windows-x64-hotspot\workspace\build\src\hotspot\src\share\vm\prims\methodHandles.cpp, line 1167]
Event: 0.148 Thread 0x0000026695ace800 Exception <a 'java/lang/ClassNotFoundException': sun/dc/DuctusRenderingEngine> (0x000000076cbffc98) thrown at [C:\cygwin64\tmp\openjdk-jdk8u-windows-x64-hotspot\workspace\build\src\hotspot\src\share\vm\classfile\systemDictionary.cpp, line 210]
Event: 0.178 Thread 0x00000266b2a44000 Exception <a 'java/io/FileNotFoundException'> (0x000000076cec4918) thrown at [C:\cygwin64\tmp\openjdk-jdk8u-windows-x64-hotspot\workspace\build\src\hotspot\src\share\vm\prims\jni.cpp, line 710]
Event: 0.203 Thread 0x00000266b2a44000 Exception <a 'java/lang/NoClassDefFoundError'> (0x000000076cf5f3f8) thrown at [C:\cygwin64\tmp\openjdk-jdk8u-windows-x64-hotspot\workspace\build\src\hotspot\src\share\vm\prims\jvm.cpp, line 1506]
Event: 4.247 Thread 0x00000266b2d98000 Exception <a 'java/security/PrivilegedActionException'> (0x000000076d5bd638) thrown at [C:\cygwin64\tmp\openjdk-jdk8u-windows-x64-hotspot\workspace\build\src\hotspot\src\share\vm\prims\jvm.cpp, line 1502]
Event: 4.247 Thread 0x00000266b2d98000 Exception <a 'java/security/PrivilegedActionException'> (0x000000076d5bf1a8) thrown at [C:\cygwin64\tmp\openjdk-jdk8u-windows-x64-hotspot\workspace\build\src\hotspot\src\share\vm\prims\jvm.cpp, line 1502]
Event: 4.247 Thread 0x00000266b2d98000 Exception <a 'java/security/PrivilegedActionException'> (0x000000076d5c02c8) thrown at [C:\cygwin64\tmp\openjdk-jdk8u-windows-x64-hotspot\workspace\build\src\hotspot\src\share\vm\prims\jvm.cpp, line 1502]
Event: 4.247 Thread 0x00000266b2d98000 Exception <a 'java/security/PrivilegedActionException'> (0x000000076d5c53e8) thrown at [C:\cygwin64\tmp\openjdk-jdk8u-windows-x64-hotspot\workspace\build\src\hotspot\src\share\vm\prims\jvm.cpp, line 1502]
Event: 4.247 Thread 0x00000266b2d98000 Exception <a 'java/security/PrivilegedActionException'> (0x000000076d5c6040) thrown at [C:\cygwin64\tmp\openjdk-jdk8u-windows-x64-hotspot\workspace\build\src\hotspot\src\share\vm\prims\jvm.cpp, line 1502]
Event: 4.247 Thread 0x00000266b2d98000 Exception <a 'java/security/PrivilegedActionException'> (0x000000076d5c6c68) thrown at [C:\cygwin64\tmp\openjdk-jdk8u-windows-x64-hotspot\workspace\build\src\hotspot\src\share\vm\prims\jvm.cpp, line 1502]

Events (10 events):
Event: 4.248 loading class org/lwjgl/openal/ALC10
Event: 4.248 loading class org/lwjgl/openal/ALC10 done
Event: 4.262 loading class org/lwjgl/openal/ALCdevice
Event: 4.262 loading class org/lwjgl/openal/ALCdevice done
Event: 4.262 loading class org/lwjgl/openal/ALCcontext
Event: 4.262 loading class org/lwjgl/openal/ALCcontext done
Event: 4.262 loading class org/lwjgl/openal/Util
Event: 4.262 loading class org/lwjgl/openal/Util done
Event: 4.263 loading class org/lwjgl/openal/OpenALException
Event: 4.263 loading class org/lwjgl/openal/OpenALException done


Dynamic libraries:
0x00007ff61e1b0000 - 0x00007ff61e1ea000 	E:\Programs\jmonkeyplatform\jdk\bin\java.exe
0x00007ffa45b00000 - 0x00007ffa45cf0000 	C:\WINDOWS\SYSTEM32\ntdll.dll
0x00007ffa43ce0000 - 0x00007ffa43d92000 	C:\WINDOWS\System32\KERNEL32.DLL
0x00007ffa43640000 - 0x00007ffa438e3000 	C:\WINDOWS\System32\KERNELBASE.dll
0x00007ffa43f00000 - 0x00007ffa43fa3000 	C:\WINDOWS\System32\ADVAPI32.dll
0x00007ffa44890000 - 0x00007ffa4492e000 	C:\WINDOWS\System32\msvcrt.dll
0x00007ffa444b0000 - 0x00007ffa44547000 	C:\WINDOWS\System32\sechost.dll
0x00007ffa44a70000 - 0x00007ffa44b90000 	C:\WINDOWS\System32\RPCRT4.dll
0x00007ffa45350000 - 0x00007ffa454e4000 	C:\WINDOWS\System32\USER32.dll
0x00007ffa43940000 - 0x00007ffa43961000 	C:\WINDOWS\System32\win32u.dll
0x00007ffa44100000 - 0x00007ffa44126000 	C:\WINDOWS\System32\GDI32.dll
0x00007ffa43a10000 - 0x00007ffa43ba4000 	C:\WINDOWS\System32\gdi32full.dll
0x00007ffa43970000 - 0x00007ffa43a0e000 	C:\WINDOWS\System32\msvcp_win.dll
0x00007ffa42a90000 - 0x00007ffa42b8a000 	C:\WINDOWS\System32\ucrtbase.dll
0x00007ffa25590000 - 0x00007ffa25815000 	C:\WINDOWS\WinSxS\amd64_microsoft.windows.common-controls_6595b64144ccf1df_6.0.18362.752_none_e6c0b5ed1312b70c\COMCTL32.dll
0x00007ffa44550000 - 0x00007ffa44886000 	C:\WINDOWS\System32\combase.dll
0x00007ffa42d90000 - 0x00007ffa42e10000 	C:\WINDOWS\System32\bcryptPrimitives.dll
0x00007ffa44130000 - 0x00007ffa4415e000 	C:\WINDOWS\System32\IMM32.DLL
0x00007ff9fdd20000 - 0x00007ff9fde0f000 	E:\Programs\jmonkeyplatform\jdk\jre\bin\msvcr120.dll
0x00007ffa2e310000 - 0x00007ffa2e3b6000 	E:\Programs\jmonkeyplatform\jdk\jre\bin\msvcp120.dll
0x000000006d6f0000 - 0x000000006deeb000 	E:\Programs\jmonkeyplatform\jdk\jre\bin\server\jvm.dll
0x00007ffa45a50000 - 0x00007ffa45a58000 	C:\WINDOWS\System32\PSAPI.DLL
0x00007ff9ffc20000 - 0x00007ff9ffc29000 	C:\WINDOWS\SYSTEM32\WSOCK32.dll
0x00007ffa3b3b0000 - 0x00007ffa3b3d4000 	C:\WINDOWS\SYSTEM32\WINMM.dll
0x00007ffa3b100000 - 0x00007ffa3b10a000 	C:\WINDOWS\SYSTEM32\VERSION.dll
0x00007ffa443e0000 - 0x00007ffa4444f000 	C:\WINDOWS\System32\WS2_32.dll
0x00007ffa3b380000 - 0x00007ffa3b3ad000 	C:\WINDOWS\SYSTEM32\winmmbase.dll
0x00007ffa438f0000 - 0x00007ffa4393a000 	C:\WINDOWS\System32\cfgmgr32.dll
0x00007ffa3b3e0000 - 0x00007ffa3b3ef000 	E:\Programs\jmonkeyplatform\jdk\jre\bin\verify.dll
0x00007ffa32b20000 - 0x00007ffa32b48000 	E:\Programs\jmonkeyplatform\jdk\jre\bin\java.dll
0x00007ffa35140000 - 0x00007ffa35156000 	E:\Programs\jmonkeyplatform\jdk\jre\bin\zip.dll
0x00007ffa44b90000 - 0x00007ffa45275000 	C:\WINDOWS\System32\SHELL32.dll
0x00007ffa44310000 - 0x00007ffa443b9000 	C:\WINDOWS\System32\shcore.dll
0x00007ffa42e40000 - 0x00007ffa435c0000 	C:\WINDOWS\System32\windows.storage.dll
0x00007ffa42a20000 - 0x00007ffa42a43000 	C:\WINDOWS\System32\profapi.dll
0x00007ffa429d0000 - 0x00007ffa42a1a000 	C:\WINDOWS\System32\powrprof.dll
0x00007ffa429c0000 - 0x00007ffa429d0000 	C:\WINDOWS\System32\UMPDC.dll
0x00007ffa45a60000 - 0x00007ffa45ab2000 	C:\WINDOWS\System32\shlwapi.dll
0x00007ffa42a50000 - 0x00007ffa42a61000 	C:\WINDOWS\System32\kernel.appcore.dll
0x00007ffa43620000 - 0x00007ffa43637000 	C:\WINDOWS\System32\cryptsp.dll
0x00007ffa2e3c0000 - 0x00007ffa2e555000 	E:\Programs\jmonkeyplatform\jdk\jre\bin\awt.dll
0x00007ffa44030000 - 0x00007ffa440f4000 	C:\WINDOWS\System32\OLEAUT32.dll
0x00007ffa40340000 - 0x00007ffa403cf000 	C:\WINDOWS\SYSTEM32\apphelp.dll
0x00007ffa40b00000 - 0x00007ffa40b99000 	C:\WINDOWS\system32\uxtheme.dll
0x00007ffa44930000 - 0x00007ffa44a66000 	C:\WINDOWS\System32\MSCTF.dll
0x00007ffa43da0000 - 0x00007ffa43ef7000 	C:\WINDOWS\System32\ole32.dll
0x00007ffa40e20000 - 0x00007ffa40e4d000 	C:\WINDOWS\system32\DWMAPI.DLL
0x00007ffa118e0000 - 0x00007ffa11a36000 	C:\WINDOWS\system32\opengl32.dll
0x00007ffa0a5c0000 - 0x00007ffa0a5ec000 	C:\WINDOWS\SYSTEM32\GLU32.dll
0x00007ffa41680000 - 0x00007ffa416a0000 	C:\WINDOWS\SYSTEM32\dxcore.dll
0x00007ffa2e270000 - 0x00007ffa2e303000 	E:\Programs\jmonkeyplatform\jdk\jre\bin\freetype.dll
0x00007ffa2e1b0000 - 0x00007ffa2e26c000 	E:\Programs\jmonkeyplatform\jdk\jre\bin\fontmanager.dll
0x00007ffa31380000 - 0x00007ffa3139a000 	E:\Programs\jmonkeyplatform\jdk\jre\bin\net.dll
0x00007ffa33ca0000 - 0x00007ffa33e75000 	C:\WINDOWS\SYSTEM32\urlmon.dll
0x00007ffa33850000 - 0x00007ffa33af6000 	C:\WINDOWS\SYSTEM32\iertutil.dll
0x00007ffa423a0000 - 0x00007ffa423ac000 	C:\WINDOWS\SYSTEM32\CRYPTBASE.DLL
0x00007ffa421d0000 - 0x00007ffa42237000 	C:\WINDOWS\system32\mswsock.dll
0x00007ffa31360000 - 0x00007ffa31372000 	E:\Programs\jmonkeyplatform\jdk\jre\bin\nio.dll
0x00007ffa21200000 - 0x00007ffa2129e000 	C:\WINDOWS\System32\TextInputFramework.dll
0x00007ffa3a9c0000 - 0x00007ffa3acea000 	C:\WINDOWS\System32\CoreUIComponents.dll
0x00007ffa3fc50000 - 0x00007ffa3fd24000 	C:\WINDOWS\System32\CoreMessaging.dll
0x00007ffa41a30000 - 0x00007ffa41a61000 	C:\WINDOWS\SYSTEM32\ntmarta.dll
0x00007ffa3eb80000 - 0x00007ffa3ecd3000 	C:\WINDOWS\SYSTEM32\wintypes.dll
0x00007ffa43bb0000 - 0x00007ffa43c52000 	C:\WINDOWS\System32\clbcatq.dll
0x00007ff9fd380000 - 0x00007ff9fd552000 	F:\University\Projects\Second Year\JMonkeyEngine3 Projects\Hercules\bulletjme.dll
0x0000000180000000 - 0x0000000180064000 	F:\University\Projects\Second Year\JMonkeyEngine3 Projects\Hercules\OpenAL64.dll
0x00000266b4c10000 - 0x00000266b4c63000 	F:\University\Projects\Second Year\JMonkeyEngine3 Projects\Hercules\lwjgl64.dll
0x00007ffa3ea30000 - 0x00007ffa3eade000 	C:\WINDOWS\SYSTEM32\mscms.dll
0x00007ffa428e0000 - 0x00007ffa42905000 	C:\WINDOWS\SYSTEM32\USERENV.dll
0x00007ffa3e650000 - 0x00007ffa3e667000 	C:\WINDOWS\SYSTEM32\ColorAdapterClient.dll
0x00007ffa3b0e0000 - 0x00007ffa3b0fa000 	C:\Windows\System32\Windows.Internal.Graphics.Display.DisplayColorManagement.dll
0x00007ff9ff400000 - 0x00007ff9ff429000 	C:\WINDOWS\System32\DriverStore\FileRepository\u0351300.inf_amd64_6d6cbd77ac26f221\B351053\atig6pxx.dll
0x00007ff9f9e20000 - 0x00007ff9fcee5000 	C:\WINDOWS\System32\DriverStore\FileRepository\u0351300.inf_amd64_6d6cbd77ac26f221\B351053\atio6axx.dll
0x00007ffa45560000 - 0x00007ffa459d0000 	C:\WINDOWS\System32\SETUPAPI.dll
0x00007ffa42e10000 - 0x00007ffa42e36000 	C:\WINDOWS\System32\bcrypt.dll
0x00007ffa14330000 - 0x00007ffa14353000 	C:\WINDOWS\SYSTEM32\dxva2.dll
0x00007ffa242b0000 - 0x00007ffa242ea000 	C:\WINDOWS\System32\DriverStore\FileRepository\u0351300.inf_amd64_6d6cbd77ac26f221\B351053\atig6txx.dll
0x00007ffa0a410000 - 0x00007ffa0a5be000 	C:\WINDOWS\SYSTEM32\atiadlxx.dll
0x00007ffa40730000 - 0x00007ffa4081f000 	C:\WINDOWS\SYSTEM32\PROPSYS.dll
0x00007ffa42780000 - 0x00007ffa427aa000 	C:\WINDOWS\SYSTEM32\DEVOBJ.dll
0x00007ffa435c0000 - 0x00007ffa4361c000 	C:\WINDOWS\System32\WINTRUST.dll
0x00007ffa42a70000 - 0x00007ffa42a82000 	C:\WINDOWS\System32\MSASN1.dll
0x00007ffa42b90000 - 0x00007ffa42cd9000 	C:\WINDOWS\System32\CRYPT32.dll
0x00007ffa2f040000 - 0x00007ffa2f083000 	C:\WINDOWS\SYSTEM32\icm32.dll
0x00007ffa35ff0000 - 0x00007ffa36062000 	C:\WINDOWS\System32\MMDevApi.dll
0x00007ffa005e0000 - 0x00007ffa00679000 	C:\WINDOWS\SYSTEM32\dsound.dll
0x00007ffa32ff0000 - 0x00007ffa3314d000 	C:\WINDOWS\SYSTEM32\AUDIOSES.DLL
0x00007ffa412c0000 - 0x00007ffa414b4000 	C:\WINDOWS\SYSTEM32\dbghelp.dll

VM Arguments:
jvm_args: -Dfile.encoding=UTF-8 
java_command: mygame.Main
java_class_path (initial): E:\Programs\jmonkeyplatform\jmonkeyplatform\libs\jme3-jogg-3.2.4-stable.jar;E:\Programs\jmonkeyplatform\jmonkeyplatform\libs\j-ogg-all-1.0.0.jar;E:\Programs\jmonkeyplatform\jmonkeyplatform\libs\jme3-networking-3.2.4-stable.jar;E:\Programs\jmonkeyplatform\jmonkeyplatform\libs\jme3-plugins-3.2.4-stable.jar;E:\Programs\jmonkeyplatform\jmonkeyplatform\libs\gson-2.8.1.jar;E:\Programs\jmonkeyplatform\jmonkeyplatform\libs\jme3-core-3.2.4-stable.jar;E:\Programs\jmonkeyplatform\jmonkeyplatform\libs\jme3-desktop-3.2.4-stable.jar;E:\Programs\jmonkeyplatform\jmonkeyplatform\libs\jme3-lwjgl-3.2.4-stable.jar;E:\Programs\jmonkeyplatform\jmonkeyplatform\libs\lwjgl-2.9.3.jar;E:\Programs\jmonkeyplatform\jmonkeyplatform\libs\jinput-2.0.5.jar;E:\Programs\jmonkeyplatform\jmonkeyplatform\libs\jinput-platform-2.0.5-natives-linux.jar;E:\Programs\jmonkeyplatform\jmonkeyplatform\libs\jinput-platform-2.0.5-natives-windows.jar;E:\Programs\jmonkeyplatform\jmonkeyplatform\libs\jinput-platform-2.0.5-natives-osx.jar;E:\Programs\jmonkeyplatform\jmonkeyplatform\libs\jutils-1.0.0.jar;E:\Programs\jmonkeyplatform\jmonkeyplatform\libs\lwjgl-platform-2.9.3-natives-windows.jar;E:\Programs\jmonkeyplatform\jmonkeyplatform\libs\lwjgl-platform-2.9.3-natives-linux.jar;E:\Programs\jmonkeyplatform\jmonkeyplatform\libs\lwjgl-platform-2.9.3-natives-osx.jar;E:\Programs\jmonkeyplatform\jmonkeyplatform\libs\jme3-effects-3.2.4-stable.jar;E:\Programs\jmonkeyplatform\jmonkeyplatform\libs\jme3-terrain-3.2.4-stable.jar;E:\Programs\jmonkeyplatform\jmonkeyplatform\libs\jme3-bullet-3.2.4-stable.jar;E:\Programs\jmonkeyplatform\jmonkeyplatform\libs\jme3-bullet-native-3.2.4-stable.jar;E:\Programs\jmonkeyplatform\jmonkeyplatform\libs\jme3-testdata.jar;F:\University\Projects\Second Year\JMonkeyEngine3 Projects\Hercules\build\classes;F:\University\Projects\Second Year\JMonkeyEngine3 Projects\Hercules\assets
Launcher Type: SUN_STANDARD

Environment Variables:
JAVA_HOME=C:\Program Files\Java\jdk-13.0.2
USERNAME=Youssef
OS=Windows_NT
PROCESSOR_IDENTIFIER=Intel64 Family 6 Model 142 Stepping 10, GenuineIntel



---------------  S Y S T E M  ---------------

OS: Windows 10.0 , 64 bit Build 18362 (10.0.18362.752)

CPU:total 8 (initial active 8) (4 cores per cpu, 2 threads per core) family 6 model 142 stepping 10, cmov, cx8, fxsr, mmx, sse, sse2, sse3, ssse3, sse4.1, sse4.2, popcnt, avx, avx2, aes, clmul, erms, 3dnowpref, lzcnt, ht, tsc, tscinvbit, bmi1, bmi2, adx

Memory: 4k page, physical 16428456k(10346708k free), swap 17542568k(10102088k free)

vm_info: OpenJDK 64-Bit Server VM (25.212-b04) for windows-amd64 JRE (1.8.0_212-b04), built on Jun  3 2019 21:11:11 by "jenkins" with MS VC++ 12.0 (VS2013)

time: Fri Mar 27 20:52:22 2020
timezone: Egypt Standard Time
elapsed time: 4 seconds (0d 0h 0m 4s)

